INFO 2024-03-10 21:30:23,526 autoreload 4076 13180 Watching for file changes with StatReloader
INFO 2024-03-10 21:30:25,226 views 4076 12992 Index page accessed
INFO 2024-03-10 21:30:25,233 basehttp 4076 12992 "GET / HTTP/1.1" 200 123
DEBUG 2024-03-10 21:30:33,895 views 4076 12992 About page accessed
INFO 2024-03-10 21:30:33,900 basehttp 4076 12992 "GET /about/ HTTP/1.1" 200 5143
INFO 2024-03-10 21:30:36,331 views 4076 12992 Index page accessed
INFO 2024-03-10 21:30:36,333 basehttp 4076 12992 "GET / HTTP/1.1" 200 123
INFO 2024-03-10 21:30:51,238 autoreload 4076 13180 D:\GeekBrains\1_28_Django\Homeworks\HW_1\first_task_app\views.py changed, reloading.
INFO 2024-03-10 21:30:51,812 autoreload 15216 4216 Watching for file changes with StatReloader
INFO 2024-03-10 21:39:06,437 views 15216 13280 Index page accessed
ERROR 2024-03-10 21:39:06,769 log 15216 13280 Internal Server Error: /
Traceback (most recent call last):
  File "D:\GeekBrains\1_28_Django\Homeworks\.venv\Lib\site-packages\django\template\base.py", line 502, in parse
    compile_func = self.tags[command]
                   ~~~~~~~~~^^^^^^^^^
KeyError: 'static'

During handling of the above exception, another exception occurred:

Traceback (most recent call last):
  File "D:\GeekBrains\1_28_Django\Homeworks\.venv\Lib\site-packages\django\core\handlers\exception.py", line 55, in inner
    response = get_response(request)
               ^^^^^^^^^^^^^^^^^^^^^
  File "D:\GeekBrains\1_28_Django\Homeworks\.venv\Lib\site-packages\django\core\handlers\base.py", line 197, in _get_response
    response = wrapped_callback(request, *callback_args, **callback_kwargs)
               ^^^^^^^^^^^^^^^^^^^^^^^^^^^^^^^^^^^^^^^^^^^^^^^^^^^^^^^^^^^^
  File "D:\GeekBrains\1_28_Django\Homeworks\HW_1\first_task_app\views.py", line 20, in index
    return render(request, 'first_task_app/index.html', context=data)
           ^^^^^^^^^^^^^^^^^^^^^^^^^^^^^^^^^^^^^^^^^^^^^^^^^^^^^^^^^^
  File "D:\GeekBrains\1_28_Django\Homeworks\.venv\Lib\site-packages\django\shortcuts.py", line 25, in render
    content = loader.render_to_string(template_name, context, request, using=using)
              ^^^^^^^^^^^^^^^^^^^^^^^^^^^^^^^^^^^^^^^^^^^^^^^^^^^^^^^^^^^^^^^^^^^^^
  File "D:\GeekBrains\1_28_Django\Homeworks\.venv\Lib\site-packages\django\template\loader.py", line 62, in render_to_string
    return template.render(context, request)
           ^^^^^^^^^^^^^^^^^^^^^^^^^^^^^^^^^
  File "D:\GeekBrains\1_28_Django\Homeworks\.venv\Lib\site-packages\django\template\backends\django.py", line 61, in render
    return self.template.render(context)
           ^^^^^^^^^^^^^^^^^^^^^^^^^^^^^
  File "D:\GeekBrains\1_28_Django\Homeworks\.venv\Lib\site-packages\django\template\base.py", line 171, in render
    return self._render(context)
           ^^^^^^^^^^^^^^^^^^^^^
  File "D:\GeekBrains\1_28_Django\Homeworks\.venv\Lib\site-packages\django\template\base.py", line 163, in _render
    return self.nodelist.render(context)
           ^^^^^^^^^^^^^^^^^^^^^^^^^^^^^
  File "D:\GeekBrains\1_28_Django\Homeworks\.venv\Lib\site-packages\django\template\base.py", line 1000, in render
    return SafeString("".join([node.render_annotated(context) for node in self]))
                              ^^^^^^^^^^^^^^^^^^^^^^^^^^^^^^^^^^^^^^^^^^^^^^^^^
  File "D:\GeekBrains\1_28_Django\Homeworks\.venv\Lib\site-packages\django\template\base.py", line 1000, in <listcomp>
    return SafeString("".join([node.render_annotated(context) for node in self]))
                               ^^^^^^^^^^^^^^^^^^^^^^^^^^^^^^
  File "D:\GeekBrains\1_28_Django\Homeworks\.venv\Lib\site-packages\django\template\base.py", line 961, in render_annotated
    return self.render(context)
           ^^^^^^^^^^^^^^^^^^^^
  File "D:\GeekBrains\1_28_Django\Homeworks\.venv\Lib\site-packages\django\template\loader_tags.py", line 134, in render
    compiled_parent = self.get_parent(context)
                      ^^^^^^^^^^^^^^^^^^^^^^^^
  File "D:\GeekBrains\1_28_Django\Homeworks\.venv\Lib\site-packages\django\template\loader_tags.py", line 131, in get_parent
    return self.find_template(parent, context)
           ^^^^^^^^^^^^^^^^^^^^^^^^^^^^^^^^^^^
  File "D:\GeekBrains\1_28_Django\Homeworks\.venv\Lib\site-packages\django\template\loader_tags.py", line 109, in find_template
    template, origin = context.template.engine.find_template(
                       ^^^^^^^^^^^^^^^^^^^^^^^^^^^^^^^^^^^^^^
  File "D:\GeekBrains\1_28_Django\Homeworks\.venv\Lib\site-packages\django\template\engine.py", line 159, in find_template
    template = loader.get_template(name, skip=skip)
               ^^^^^^^^^^^^^^^^^^^^^^^^^^^^^^^^^^^^
  File "D:\GeekBrains\1_28_Django\Homeworks\.venv\Lib\site-packages\django\template\loaders\cached.py", line 57, in get_template
    template = super().get_template(template_name, skip)
               ^^^^^^^^^^^^^^^^^^^^^^^^^^^^^^^^^^^^^^^^^
  File "D:\GeekBrains\1_28_Django\Homeworks\.venv\Lib\site-packages\django\template\loaders\base.py", line 28, in get_template
    return Template(
           ^^^^^^^^^
  File "D:\GeekBrains\1_28_Django\Homeworks\.venv\Lib\site-packages\django\template\base.py", line 154, in __init__
    self.nodelist = self.compile_nodelist()
                    ^^^^^^^^^^^^^^^^^^^^^^^
  File "D:\GeekBrains\1_28_Django\Homeworks\.venv\Lib\site-packages\django\template\base.py", line 196, in compile_nodelist
    return parser.parse()
           ^^^^^^^^^^^^^^
  File "D:\GeekBrains\1_28_Django\Homeworks\.venv\Lib\site-packages\django\template\base.py", line 504, in parse
    self.invalid_block_tag(token, command, parse_until)
  File "D:\GeekBrains\1_28_Django\Homeworks\.venv\Lib\site-packages\django\template\base.py", line 565, in invalid_block_tag
    raise self.error(
django.template.exceptions.TemplateSyntaxError: Invalid block tag on line 5: 'static'. Did you forget to register or load this tag?
ERROR 2024-03-10 21:39:06,780 basehttp 15216 13280 "GET / HTTP/1.1" 500 166875
INFO 2024-03-10 21:43:34,660 autoreload 12644 12784 Watching for file changes with StatReloader
INFO 2024-03-10 21:43:39,042 views 12644 10700 Index page accessed
ERROR 2024-03-10 21:43:39,118 log 12644 10700 Internal Server Error: /
Traceback (most recent call last):
  File "D:\GeekBrains\1_28_Django\Homeworks\.venv\Lib\site-packages\django\template\base.py", line 502, in parse
    compile_func = self.tags[command]
                   ~~~~~~~~~^^^^^^^^^
KeyError: 'static'

During handling of the above exception, another exception occurred:

Traceback (most recent call last):
  File "D:\GeekBrains\1_28_Django\Homeworks\.venv\Lib\site-packages\django\core\handlers\exception.py", line 55, in inner
    response = get_response(request)
               ^^^^^^^^^^^^^^^^^^^^^
  File "D:\GeekBrains\1_28_Django\Homeworks\.venv\Lib\site-packages\django\core\handlers\base.py", line 197, in _get_response
    response = wrapped_callback(request, *callback_args, **callback_kwargs)
               ^^^^^^^^^^^^^^^^^^^^^^^^^^^^^^^^^^^^^^^^^^^^^^^^^^^^^^^^^^^^
  File "D:\GeekBrains\1_28_Django\Homeworks\HW_1\first_task_app\views.py", line 20, in index
    return render(request, 'first_task_app/index.html', context=data)
           ^^^^^^^^^^^^^^^^^^^^^^^^^^^^^^^^^^^^^^^^^^^^^^^^^^^^^^^^^^
  File "D:\GeekBrains\1_28_Django\Homeworks\.venv\Lib\site-packages\django\shortcuts.py", line 25, in render
    content = loader.render_to_string(template_name, context, request, using=using)
              ^^^^^^^^^^^^^^^^^^^^^^^^^^^^^^^^^^^^^^^^^^^^^^^^^^^^^^^^^^^^^^^^^^^^^
  File "D:\GeekBrains\1_28_Django\Homeworks\.venv\Lib\site-packages\django\template\loader.py", line 62, in render_to_string
    return template.render(context, request)
           ^^^^^^^^^^^^^^^^^^^^^^^^^^^^^^^^^
  File "D:\GeekBrains\1_28_Django\Homeworks\.venv\Lib\site-packages\django\template\backends\django.py", line 61, in render
    return self.template.render(context)
           ^^^^^^^^^^^^^^^^^^^^^^^^^^^^^
  File "D:\GeekBrains\1_28_Django\Homeworks\.venv\Lib\site-packages\django\template\base.py", line 171, in render
    return self._render(context)
           ^^^^^^^^^^^^^^^^^^^^^
  File "D:\GeekBrains\1_28_Django\Homeworks\.venv\Lib\site-packages\django\template\base.py", line 163, in _render
    return self.nodelist.render(context)
           ^^^^^^^^^^^^^^^^^^^^^^^^^^^^^
  File "D:\GeekBrains\1_28_Django\Homeworks\.venv\Lib\site-packages\django\template\base.py", line 1000, in render
    return SafeString("".join([node.render_annotated(context) for node in self]))
                              ^^^^^^^^^^^^^^^^^^^^^^^^^^^^^^^^^^^^^^^^^^^^^^^^^
  File "D:\GeekBrains\1_28_Django\Homeworks\.venv\Lib\site-packages\django\template\base.py", line 1000, in <listcomp>
    return SafeString("".join([node.render_annotated(context) for node in self]))
                               ^^^^^^^^^^^^^^^^^^^^^^^^^^^^^^
  File "D:\GeekBrains\1_28_Django\Homeworks\.venv\Lib\site-packages\django\template\base.py", line 961, in render_annotated
    return self.render(context)
           ^^^^^^^^^^^^^^^^^^^^
  File "D:\GeekBrains\1_28_Django\Homeworks\.venv\Lib\site-packages\django\template\loader_tags.py", line 134, in render
    compiled_parent = self.get_parent(context)
                      ^^^^^^^^^^^^^^^^^^^^^^^^
  File "D:\GeekBrains\1_28_Django\Homeworks\.venv\Lib\site-packages\django\template\loader_tags.py", line 131, in get_parent
    return self.find_template(parent, context)
           ^^^^^^^^^^^^^^^^^^^^^^^^^^^^^^^^^^^
  File "D:\GeekBrains\1_28_Django\Homeworks\.venv\Lib\site-packages\django\template\loader_tags.py", line 109, in find_template
    template, origin = context.template.engine.find_template(
                       ^^^^^^^^^^^^^^^^^^^^^^^^^^^^^^^^^^^^^^
  File "D:\GeekBrains\1_28_Django\Homeworks\.venv\Lib\site-packages\django\template\engine.py", line 159, in find_template
    template = loader.get_template(name, skip=skip)
               ^^^^^^^^^^^^^^^^^^^^^^^^^^^^^^^^^^^^
  File "D:\GeekBrains\1_28_Django\Homeworks\.venv\Lib\site-packages\django\template\loaders\cached.py", line 57, in get_template
    template = super().get_template(template_name, skip)
               ^^^^^^^^^^^^^^^^^^^^^^^^^^^^^^^^^^^^^^^^^
  File "D:\GeekBrains\1_28_Django\Homeworks\.venv\Lib\site-packages\django\template\loaders\base.py", line 28, in get_template
    return Template(
           ^^^^^^^^^
  File "D:\GeekBrains\1_28_Django\Homeworks\.venv\Lib\site-packages\django\template\base.py", line 154, in __init__
    self.nodelist = self.compile_nodelist()
                    ^^^^^^^^^^^^^^^^^^^^^^^
  File "D:\GeekBrains\1_28_Django\Homeworks\.venv\Lib\site-packages\django\template\base.py", line 196, in compile_nodelist
    return parser.parse()
           ^^^^^^^^^^^^^^
  File "D:\GeekBrains\1_28_Django\Homeworks\.venv\Lib\site-packages\django\template\base.py", line 504, in parse
    self.invalid_block_tag(token, command, parse_until)
  File "D:\GeekBrains\1_28_Django\Homeworks\.venv\Lib\site-packages\django\template\base.py", line 565, in invalid_block_tag
    raise self.error(
django.template.exceptions.TemplateSyntaxError: Invalid block tag on line 5: 'static'. Did you forget to register or load this tag?
ERROR 2024-03-10 21:43:39,126 basehttp 12644 10700 "GET / HTTP/1.1" 500 166686
INFO 2024-03-10 21:45:10,920 views 12644 10700 Index page accessed
ERROR 2024-03-10 21:45:10,961 log 12644 10700 Internal Server Error: /
Traceback (most recent call last):
  File "D:\GeekBrains\1_28_Django\Homeworks\.venv\Lib\site-packages\django\template\base.py", line 502, in parse
    compile_func = self.tags[command]
                   ~~~~~~~~~^^^^^^^^^
KeyError: 'static'

During handling of the above exception, another exception occurred:

Traceback (most recent call last):
  File "D:\GeekBrains\1_28_Django\Homeworks\.venv\Lib\site-packages\django\core\handlers\exception.py", line 55, in inner
    response = get_response(request)
               ^^^^^^^^^^^^^^^^^^^^^
  File "D:\GeekBrains\1_28_Django\Homeworks\.venv\Lib\site-packages\django\core\handlers\base.py", line 197, in _get_response
    response = wrapped_callback(request, *callback_args, **callback_kwargs)
               ^^^^^^^^^^^^^^^^^^^^^^^^^^^^^^^^^^^^^^^^^^^^^^^^^^^^^^^^^^^^
  File "D:\GeekBrains\1_28_Django\Homeworks\HW_1\first_task_app\views.py", line 20, in index
    return render(request, 'first_task_app/index.html', context=data)
           ^^^^^^^^^^^^^^^^^^^^^^^^^^^^^^^^^^^^^^^^^^^^^^^^^^^^^^^^^^
  File "D:\GeekBrains\1_28_Django\Homeworks\.venv\Lib\site-packages\django\shortcuts.py", line 25, in render
    content = loader.render_to_string(template_name, context, request, using=using)
              ^^^^^^^^^^^^^^^^^^^^^^^^^^^^^^^^^^^^^^^^^^^^^^^^^^^^^^^^^^^^^^^^^^^^^
  File "D:\GeekBrains\1_28_Django\Homeworks\.venv\Lib\site-packages\django\template\loader.py", line 62, in render_to_string
    return template.render(context, request)
           ^^^^^^^^^^^^^^^^^^^^^^^^^^^^^^^^^
  File "D:\GeekBrains\1_28_Django\Homeworks\.venv\Lib\site-packages\django\template\backends\django.py", line 61, in render
    return self.template.render(context)
           ^^^^^^^^^^^^^^^^^^^^^^^^^^^^^
  File "D:\GeekBrains\1_28_Django\Homeworks\.venv\Lib\site-packages\django\template\base.py", line 171, in render
    return self._render(context)
           ^^^^^^^^^^^^^^^^^^^^^
  File "D:\GeekBrains\1_28_Django\Homeworks\.venv\Lib\site-packages\django\template\base.py", line 163, in _render
    return self.nodelist.render(context)
           ^^^^^^^^^^^^^^^^^^^^^^^^^^^^^
  File "D:\GeekBrains\1_28_Django\Homeworks\.venv\Lib\site-packages\django\template\base.py", line 1000, in render
    return SafeString("".join([node.render_annotated(context) for node in self]))
                              ^^^^^^^^^^^^^^^^^^^^^^^^^^^^^^^^^^^^^^^^^^^^^^^^^
  File "D:\GeekBrains\1_28_Django\Homeworks\.venv\Lib\site-packages\django\template\base.py", line 1000, in <listcomp>
    return SafeString("".join([node.render_annotated(context) for node in self]))
                               ^^^^^^^^^^^^^^^^^^^^^^^^^^^^^^
  File "D:\GeekBrains\1_28_Django\Homeworks\.venv\Lib\site-packages\django\template\base.py", line 961, in render_annotated
    return self.render(context)
           ^^^^^^^^^^^^^^^^^^^^
  File "D:\GeekBrains\1_28_Django\Homeworks\.venv\Lib\site-packages\django\template\loader_tags.py", line 134, in render
    compiled_parent = self.get_parent(context)
                      ^^^^^^^^^^^^^^^^^^^^^^^^
  File "D:\GeekBrains\1_28_Django\Homeworks\.venv\Lib\site-packages\django\template\loader_tags.py", line 131, in get_parent
    return self.find_template(parent, context)
           ^^^^^^^^^^^^^^^^^^^^^^^^^^^^^^^^^^^
  File "D:\GeekBrains\1_28_Django\Homeworks\.venv\Lib\site-packages\django\template\loader_tags.py", line 109, in find_template
    template, origin = context.template.engine.find_template(
                       ^^^^^^^^^^^^^^^^^^^^^^^^^^^^^^^^^^^^^^
  File "D:\GeekBrains\1_28_Django\Homeworks\.venv\Lib\site-packages\django\template\engine.py", line 159, in find_template
    template = loader.get_template(name, skip=skip)
               ^^^^^^^^^^^^^^^^^^^^^^^^^^^^^^^^^^^^
  File "D:\GeekBrains\1_28_Django\Homeworks\.venv\Lib\site-packages\django\template\loaders\cached.py", line 57, in get_template
    template = super().get_template(template_name, skip)
               ^^^^^^^^^^^^^^^^^^^^^^^^^^^^^^^^^^^^^^^^^
  File "D:\GeekBrains\1_28_Django\Homeworks\.venv\Lib\site-packages\django\template\loaders\base.py", line 28, in get_template
    return Template(
           ^^^^^^^^^
  File "D:\GeekBrains\1_28_Django\Homeworks\.venv\Lib\site-packages\django\template\base.py", line 154, in __init__
    self.nodelist = self.compile_nodelist()
                    ^^^^^^^^^^^^^^^^^^^^^^^
  File "D:\GeekBrains\1_28_Django\Homeworks\.venv\Lib\site-packages\django\template\base.py", line 196, in compile_nodelist
    return parser.parse()
           ^^^^^^^^^^^^^^
  File "D:\GeekBrains\1_28_Django\Homeworks\.venv\Lib\site-packages\django\template\base.py", line 504, in parse
    self.invalid_block_tag(token, command, parse_until)
  File "D:\GeekBrains\1_28_Django\Homeworks\.venv\Lib\site-packages\django\template\base.py", line 565, in invalid_block_tag
    raise self.error(
django.template.exceptions.TemplateSyntaxError: Invalid block tag on line 5: 'static'. Did you forget to register or load this tag?
ERROR 2024-03-10 21:45:10,970 basehttp 12644 10700 "GET / HTTP/1.1" 500 166580
INFO 2024-03-10 21:47:52,214 views 12644 10700 Index page accessed
INFO 2024-03-10 21:47:52,239 basehttp 12644 10700 "GET / HTTP/1.1" 200 1418
INFO 2024-03-10 21:51:32,988 views 12644 10700 Index page accessed
ERROR 2024-03-10 21:51:33,125 log 12644 10700 Internal Server Error: /
Traceback (most recent call last):
  File "D:\GeekBrains\1_28_Django\Homeworks\.venv\Lib\site-packages\django\core\handlers\exception.py", line 55, in inner
    response = get_response(request)
               ^^^^^^^^^^^^^^^^^^^^^
  File "D:\GeekBrains\1_28_Django\Homeworks\.venv\Lib\site-packages\django\core\handlers\base.py", line 197, in _get_response
    response = wrapped_callback(request, *callback_args, **callback_kwargs)
               ^^^^^^^^^^^^^^^^^^^^^^^^^^^^^^^^^^^^^^^^^^^^^^^^^^^^^^^^^^^^
  File "D:\GeekBrains\1_28_Django\Homeworks\HW_1\first_task_app\views.py", line 20, in index
    return render(request, 'first_task_app/index.html', context=data)
           ^^^^^^^^^^^^^^^^^^^^^^^^^^^^^^^^^^^^^^^^^^^^^^^^^^^^^^^^^^
  File "D:\GeekBrains\1_28_Django\Homeworks\.venv\Lib\site-packages\django\shortcuts.py", line 25, in render
    content = loader.render_to_string(template_name, context, request, using=using)
              ^^^^^^^^^^^^^^^^^^^^^^^^^^^^^^^^^^^^^^^^^^^^^^^^^^^^^^^^^^^^^^^^^^^^^
  File "D:\GeekBrains\1_28_Django\Homeworks\.venv\Lib\site-packages\django\template\loader.py", line 62, in render_to_string
    return template.render(context, request)
           ^^^^^^^^^^^^^^^^^^^^^^^^^^^^^^^^^
  File "D:\GeekBrains\1_28_Django\Homeworks\.venv\Lib\site-packages\django\template\backends\django.py", line 61, in render
    return self.template.render(context)
           ^^^^^^^^^^^^^^^^^^^^^^^^^^^^^
  File "D:\GeekBrains\1_28_Django\Homeworks\.venv\Lib\site-packages\django\template\base.py", line 171, in render
    return self._render(context)
           ^^^^^^^^^^^^^^^^^^^^^
  File "D:\GeekBrains\1_28_Django\Homeworks\.venv\Lib\site-packages\django\template\base.py", line 163, in _render
    return self.nodelist.render(context)
           ^^^^^^^^^^^^^^^^^^^^^^^^^^^^^
  File "D:\GeekBrains\1_28_Django\Homeworks\.venv\Lib\site-packages\django\template\base.py", line 1000, in render
    return SafeString("".join([node.render_annotated(context) for node in self]))
                              ^^^^^^^^^^^^^^^^^^^^^^^^^^^^^^^^^^^^^^^^^^^^^^^^^
  File "D:\GeekBrains\1_28_Django\Homeworks\.venv\Lib\site-packages\django\template\base.py", line 1000, in <listcomp>
    return SafeString("".join([node.render_annotated(context) for node in self]))
                               ^^^^^^^^^^^^^^^^^^^^^^^^^^^^^^
  File "D:\GeekBrains\1_28_Django\Homeworks\.venv\Lib\site-packages\django\template\base.py", line 961, in render_annotated
    return self.render(context)
           ^^^^^^^^^^^^^^^^^^^^
  File "D:\GeekBrains\1_28_Django\Homeworks\.venv\Lib\site-packages\django\template\loader_tags.py", line 159, in render
    return compiled_parent._render(context)
           ^^^^^^^^^^^^^^^^^^^^^^^^^^^^^^^^
  File "D:\GeekBrains\1_28_Django\Homeworks\.venv\Lib\site-packages\django\template\base.py", line 163, in _render
    return self.nodelist.render(context)
           ^^^^^^^^^^^^^^^^^^^^^^^^^^^^^
  File "D:\GeekBrains\1_28_Django\Homeworks\.venv\Lib\site-packages\django\template\base.py", line 1000, in render
    return SafeString("".join([node.render_annotated(context) for node in self]))
                              ^^^^^^^^^^^^^^^^^^^^^^^^^^^^^^^^^^^^^^^^^^^^^^^^^
  File "D:\GeekBrains\1_28_Django\Homeworks\.venv\Lib\site-packages\django\template\base.py", line 1000, in <listcomp>
    return SafeString("".join([node.render_annotated(context) for node in self]))
                               ^^^^^^^^^^^^^^^^^^^^^^^^^^^^^^
  File "D:\GeekBrains\1_28_Django\Homeworks\.venv\Lib\site-packages\django\template\base.py", line 961, in render_annotated
    return self.render(context)
           ^^^^^^^^^^^^^^^^^^^^
  File "D:\GeekBrains\1_28_Django\Homeworks\.venv\Lib\site-packages\django\template\defaulttags.py", line 479, in render
    url = reverse(view_name, args=args, kwargs=kwargs, current_app=current_app)
          ^^^^^^^^^^^^^^^^^^^^^^^^^^^^^^^^^^^^^^^^^^^^^^^^^^^^^^^^^^^^^^^^^^^^^
  File "D:\GeekBrains\1_28_Django\Homeworks\.venv\Lib\site-packages\django\urls\base.py", line 88, in reverse
    return resolver._reverse_with_prefix(view, prefix, *args, **kwargs)
           ^^^^^^^^^^^^^^^^^^^^^^^^^^^^^^^^^^^^^^^^^^^^^^^^^^^^^^^^^^^^
  File "D:\GeekBrains\1_28_Django\Homeworks\.venv\Lib\site-packages\django\urls\resolvers.py", line 851, in _reverse_with_prefix
    raise NoReverseMatch(msg)
django.urls.exceptions.NoReverseMatch: Reverse for '' not found. '' is not a valid view function or pattern name.
ERROR 2024-03-10 21:51:33,131 basehttp 12644 10700 "GET / HTTP/1.1" 500 145765
INFO 2024-03-10 21:52:02,250 views 12644 10700 Index page accessed
INFO 2024-03-10 21:52:02,258 basehttp 12644 10700 "GET / HTTP/1.1" 200 1422
INFO 2024-03-10 21:52:04,463 views 12644 10700 Index page accessed
INFO 2024-03-10 21:52:04,465 basehttp 12644 10700 "GET / HTTP/1.1" 200 1422
INFO 2024-03-10 21:52:06,170 views 12644 10700 Index page accessed
INFO 2024-03-10 21:52:06,172 basehttp 12644 10700 "GET / HTTP/1.1" 200 1422
INFO 2024-03-10 21:52:07,258 views 12644 10700 Index page accessed
INFO 2024-03-10 21:52:07,259 basehttp 12644 10700 "GET / HTTP/1.1" 200 1422
INFO 2024-03-10 21:53:17,266 views 12644 10700 Index page accessed
INFO 2024-03-10 21:53:17,275 basehttp 12644 10700 "GET / HTTP/1.1" 200 1586
DEBUG 2024-03-10 21:53:19,635 views 12644 10700 About page accessed
INFO 2024-03-10 21:53:19,637 basehttp 12644 10700 "GET /about/ HTTP/1.1" 200 5143
INFO 2024-03-10 21:53:22,935 views 12644 10700 Index page accessed
INFO 2024-03-10 21:53:22,937 basehttp 12644 10700 "GET / HTTP/1.1" 200 1586
INFO 2024-03-10 21:53:24,387 views 12644 10700 Index page accessed
INFO 2024-03-10 21:53:24,388 basehttp 12644 10700 "GET / HTTP/1.1" 200 1586
DEBUG 2024-03-10 21:53:25,292 views 12644 10700 About page accessed
INFO 2024-03-10 21:53:25,293 basehttp 12644 10700 "GET /about/ HTTP/1.1" 200 5143
INFO 2024-03-10 21:53:29,187 views 12644 10700 Index page accessed
INFO 2024-03-10 21:53:29,189 basehttp 12644 10700 "GET / HTTP/1.1" 200 1586
INFO 2024-03-10 21:56:41,998 views 12644 10700 Index page accessed
INFO 2024-03-10 21:56:42,005 basehttp 12644 10700 "GET / HTTP/1.1" 200 9017
DEBUG 2024-03-10 21:56:46,587 views 12644 10700 About page accessed
INFO 2024-03-10 21:56:46,595 basehttp 12644 10700 "GET /about/ HTTP/1.1" 200 6443
INFO 2024-03-10 21:56:49,749 views 12644 10700 Index page accessed
INFO 2024-03-10 21:56:49,751 basehttp 12644 10700 "GET / HTTP/1.1" 200 9017
DEBUG 2024-03-10 21:56:51,259 views 12644 10700 About page accessed
INFO 2024-03-10 21:56:51,260 basehttp 12644 10700 "GET /about/ HTTP/1.1" 200 6443
INFO 2024-03-10 21:56:52,437 views 12644 10700 Index page accessed
INFO 2024-03-10 21:56:52,440 basehttp 12644 10700 "GET / HTTP/1.1" 200 9017
DEBUG 2024-03-10 21:56:53,203 views 12644 10700 About page accessed
INFO 2024-03-10 21:56:53,205 basehttp 12644 10700 "GET /about/ HTTP/1.1" 200 6443
INFO 2024-03-10 21:56:53,994 views 12644 10700 Index page accessed
INFO 2024-03-10 21:56:53,996 basehttp 12644 10700 "GET / HTTP/1.1" 200 9017
DEBUG 2024-03-10 21:57:06,817 views 12644 10700 About page accessed
INFO 2024-03-10 21:57:06,819 basehttp 12644 10700 "GET /about/ HTTP/1.1" 200 6443
INFO 2024-03-10 21:57:09,312 views 12644 10700 Index page accessed
INFO 2024-03-10 21:57:09,314 basehttp 12644 10700 "GET / HTTP/1.1" 200 9017
INFO 2024-03-10 22:07:14,972 views 12644 2892 Index page accessed
INFO 2024-03-10 22:07:14,975 basehttp 12644 2892 "GET / HTTP/1.1" 200 9016
DEBUG 2024-03-10 22:07:20,716 views 12644 2892 About page accessed
INFO 2024-03-10 22:07:20,719 basehttp 12644 2892 "GET /about/ HTTP/1.1" 200 6442
INFO 2024-03-10 22:07:21,944 views 12644 2892 Index page accessed
INFO 2024-03-10 22:07:21,946 basehttp 12644 2892 "GET / HTTP/1.1" 200 9016
INFO 2024-03-10 22:16:38,177 autoreload 12740 5804 Watching for file changes with StatReloader
INFO 2024-03-10 22:16:40,262 views 12740 14508 Index page accessed
ERROR 2024-03-10 22:16:40,336 log 12740 14508 Internal Server Error: /
Traceback (most recent call last):
  File "D:\GeekBrains\1_28_Django\Homeworks\.venv\Lib\site-packages\django\core\handlers\exception.py", line 55, in inner
    response = get_response(request)
               ^^^^^^^^^^^^^^^^^^^^^
  File "D:\GeekBrains\1_28_Django\Homeworks\.venv\Lib\site-packages\django\core\handlers\base.py", line 197, in _get_response
    response = wrapped_callback(request, *callback_args, **callback_kwargs)
               ^^^^^^^^^^^^^^^^^^^^^^^^^^^^^^^^^^^^^^^^^^^^^^^^^^^^^^^^^^^^
  File "D:\GeekBrains\1_28_Django\Homeworks\HW_1\first_task_app\views.py", line 20, in index
    return render(request, 'first_task_app/index.html', context=data)
           ^^^^^^^^^^^^^^^^^^^^^^^^^^^^^^^^^^^^^^^^^^^^^^^^^^^^^^^^^^
  File "D:\GeekBrains\1_28_Django\Homeworks\.venv\Lib\site-packages\django\shortcuts.py", line 25, in render
    content = loader.render_to_string(template_name, context, request, using=using)
              ^^^^^^^^^^^^^^^^^^^^^^^^^^^^^^^^^^^^^^^^^^^^^^^^^^^^^^^^^^^^^^^^^^^^^
  File "D:\GeekBrains\1_28_Django\Homeworks\.venv\Lib\site-packages\django\template\loader.py", line 61, in render_to_string
    template = get_template(template_name, using=using)
               ^^^^^^^^^^^^^^^^^^^^^^^^^^^^^^^^^^^^^^^^
  File "D:\GeekBrains\1_28_Django\Homeworks\.venv\Lib\site-packages\django\template\loader.py", line 15, in get_template
    return engine.get_template(template_name)
           ^^^^^^^^^^^^^^^^^^^^^^^^^^^^^^^^^^
  File "D:\GeekBrains\1_28_Django\Homeworks\.venv\Lib\site-packages\django\template\backends\django.py", line 33, in get_template
    return Template(self.engine.get_template(template_name), self)
                    ^^^^^^^^^^^^^^^^^^^^^^^^^^^^^^^^^^^^^^^
  File "D:\GeekBrains\1_28_Django\Homeworks\.venv\Lib\site-packages\django\template\engine.py", line 177, in get_template
    template, origin = self.find_template(template_name)
                       ^^^^^^^^^^^^^^^^^^^^^^^^^^^^^^^^^
  File "D:\GeekBrains\1_28_Django\Homeworks\.venv\Lib\site-packages\django\template\engine.py", line 159, in find_template
    template = loader.get_template(name, skip=skip)
               ^^^^^^^^^^^^^^^^^^^^^^^^^^^^^^^^^^^^
  File "D:\GeekBrains\1_28_Django\Homeworks\.venv\Lib\site-packages\django\template\loaders\cached.py", line 57, in get_template
    template = super().get_template(template_name, skip)
               ^^^^^^^^^^^^^^^^^^^^^^^^^^^^^^^^^^^^^^^^^
  File "D:\GeekBrains\1_28_Django\Homeworks\.venv\Lib\site-packages\django\template\loaders\base.py", line 28, in get_template
    return Template(
           ^^^^^^^^^
  File "D:\GeekBrains\1_28_Django\Homeworks\.venv\Lib\site-packages\django\template\base.py", line 154, in __init__
    self.nodelist = self.compile_nodelist()
                    ^^^^^^^^^^^^^^^^^^^^^^^
  File "D:\GeekBrains\1_28_Django\Homeworks\.venv\Lib\site-packages\django\template\base.py", line 196, in compile_nodelist
    return parser.parse()
           ^^^^^^^^^^^^^^
  File "D:\GeekBrains\1_28_Django\Homeworks\.venv\Lib\site-packages\django\template\base.py", line 510, in parse
    raise self.error(token, e)
  File "D:\GeekBrains\1_28_Django\Homeworks\.venv\Lib\site-packages\django\template\base.py", line 508, in parse
    compiled_result = compile_func(self, token)
                      ^^^^^^^^^^^^^^^^^^^^^^^^^
  File "D:\GeekBrains\1_28_Django\Homeworks\.venv\Lib\site-packages\django\template\loader_tags.py", line 295, in do_extends
    nodelist = parser.parse()
               ^^^^^^^^^^^^^^
  File "D:\GeekBrains\1_28_Django\Homeworks\.venv\Lib\site-packages\django\template\base.py", line 510, in parse
    raise self.error(token, e)
  File "D:\GeekBrains\1_28_Django\Homeworks\.venv\Lib\site-packages\django\template\base.py", line 508, in parse
    compiled_result = compile_func(self, token)
                      ^^^^^^^^^^^^^^^^^^^^^^^^^
  File "D:\GeekBrains\1_28_Django\Homeworks\.venv\Lib\site-packages\django\template\loader_tags.py", line 234, in do_block
    nodelist = parser.parse(("endblock",))
               ^^^^^^^^^^^^^^^^^^^^^^^^^^^
  File "D:\GeekBrains\1_28_Django\Homeworks\.venv\Lib\site-packages\django\template\base.py", line 510, in parse
    raise self.error(token, e)
  File "D:\GeekBrains\1_28_Django\Homeworks\.venv\Lib\site-packages\django\template\base.py", line 508, in parse
    compiled_result = compile_func(self, token)
                      ^^^^^^^^^^^^^^^^^^^^^^^^^
  File "D:\GeekBrains\1_28_Django\Homeworks\.venv\Lib\site-packages\django\template\defaulttags.py", line 1492, in do_with
    raise TemplateSyntaxError(
django.template.exceptions.TemplateSyntaxError: 'with' expected at least one variable assignment
ERROR 2024-03-10 22:16:40,344 basehttp 12740 14508 "GET / HTTP/1.1" 500 188421
INFO 2024-03-10 22:17:45,425 views 12740 14508 Index page accessed
ERROR 2024-03-10 22:17:45,465 log 12740 14508 Internal Server Error: /
Traceback (most recent call last):
  File "D:\GeekBrains\1_28_Django\Homeworks\.venv\Lib\site-packages\django\core\handlers\exception.py", line 55, in inner
    response = get_response(request)
               ^^^^^^^^^^^^^^^^^^^^^
  File "D:\GeekBrains\1_28_Django\Homeworks\.venv\Lib\site-packages\django\core\handlers\base.py", line 197, in _get_response
    response = wrapped_callback(request, *callback_args, **callback_kwargs)
               ^^^^^^^^^^^^^^^^^^^^^^^^^^^^^^^^^^^^^^^^^^^^^^^^^^^^^^^^^^^^
  File "D:\GeekBrains\1_28_Django\Homeworks\HW_1\first_task_app\views.py", line 20, in index
    return render(request, 'first_task_app/index.html', context=data)
           ^^^^^^^^^^^^^^^^^^^^^^^^^^^^^^^^^^^^^^^^^^^^^^^^^^^^^^^^^^
  File "D:\GeekBrains\1_28_Django\Homeworks\.venv\Lib\site-packages\django\shortcuts.py", line 25, in render
    content = loader.render_to_string(template_name, context, request, using=using)
              ^^^^^^^^^^^^^^^^^^^^^^^^^^^^^^^^^^^^^^^^^^^^^^^^^^^^^^^^^^^^^^^^^^^^^
  File "D:\GeekBrains\1_28_Django\Homeworks\.venv\Lib\site-packages\django\template\loader.py", line 61, in render_to_string
    template = get_template(template_name, using=using)
               ^^^^^^^^^^^^^^^^^^^^^^^^^^^^^^^^^^^^^^^^
  File "D:\GeekBrains\1_28_Django\Homeworks\.venv\Lib\site-packages\django\template\loader.py", line 15, in get_template
    return engine.get_template(template_name)
           ^^^^^^^^^^^^^^^^^^^^^^^^^^^^^^^^^^
  File "D:\GeekBrains\1_28_Django\Homeworks\.venv\Lib\site-packages\django\template\backends\django.py", line 33, in get_template
    return Template(self.engine.get_template(template_name), self)
                    ^^^^^^^^^^^^^^^^^^^^^^^^^^^^^^^^^^^^^^^
  File "D:\GeekBrains\1_28_Django\Homeworks\.venv\Lib\site-packages\django\template\engine.py", line 177, in get_template
    template, origin = self.find_template(template_name)
                       ^^^^^^^^^^^^^^^^^^^^^^^^^^^^^^^^^
  File "D:\GeekBrains\1_28_Django\Homeworks\.venv\Lib\site-packages\django\template\engine.py", line 159, in find_template
    template = loader.get_template(name, skip=skip)
               ^^^^^^^^^^^^^^^^^^^^^^^^^^^^^^^^^^^^
  File "D:\GeekBrains\1_28_Django\Homeworks\.venv\Lib\site-packages\django\template\loaders\cached.py", line 57, in get_template
    template = super().get_template(template_name, skip)
               ^^^^^^^^^^^^^^^^^^^^^^^^^^^^^^^^^^^^^^^^^
  File "D:\GeekBrains\1_28_Django\Homeworks\.venv\Lib\site-packages\django\template\loaders\base.py", line 28, in get_template
    return Template(
           ^^^^^^^^^
  File "D:\GeekBrains\1_28_Django\Homeworks\.venv\Lib\site-packages\django\template\base.py", line 154, in __init__
    self.nodelist = self.compile_nodelist()
                    ^^^^^^^^^^^^^^^^^^^^^^^
  File "D:\GeekBrains\1_28_Django\Homeworks\.venv\Lib\site-packages\django\template\base.py", line 196, in compile_nodelist
    return parser.parse()
           ^^^^^^^^^^^^^^
  File "D:\GeekBrains\1_28_Django\Homeworks\.venv\Lib\site-packages\django\template\base.py", line 510, in parse
    raise self.error(token, e)
  File "D:\GeekBrains\1_28_Django\Homeworks\.venv\Lib\site-packages\django\template\base.py", line 508, in parse
    compiled_result = compile_func(self, token)
                      ^^^^^^^^^^^^^^^^^^^^^^^^^
  File "D:\GeekBrains\1_28_Django\Homeworks\.venv\Lib\site-packages\django\template\loader_tags.py", line 295, in do_extends
    nodelist = parser.parse()
               ^^^^^^^^^^^^^^
  File "D:\GeekBrains\1_28_Django\Homeworks\.venv\Lib\site-packages\django\template\base.py", line 510, in parse
    raise self.error(token, e)
  File "D:\GeekBrains\1_28_Django\Homeworks\.venv\Lib\site-packages\django\template\base.py", line 508, in parse
    compiled_result = compile_func(self, token)
                      ^^^^^^^^^^^^^^^^^^^^^^^^^
  File "D:\GeekBrains\1_28_Django\Homeworks\.venv\Lib\site-packages\django\template\loader_tags.py", line 234, in do_block
    nodelist = parser.parse(("endblock",))
               ^^^^^^^^^^^^^^^^^^^^^^^^^^^
  File "D:\GeekBrains\1_28_Django\Homeworks\.venv\Lib\site-packages\django\template\base.py", line 510, in parse
    raise self.error(token, e)
  File "D:\GeekBrains\1_28_Django\Homeworks\.venv\Lib\site-packages\django\template\base.py", line 508, in parse
    compiled_result = compile_func(self, token)
                      ^^^^^^^^^^^^^^^^^^^^^^^^^
  File "D:\GeekBrains\1_28_Django\Homeworks\.venv\Lib\site-packages\django\template\defaulttags.py", line 1492, in do_with
    raise TemplateSyntaxError(
django.template.exceptions.TemplateSyntaxError: 'with' expected at least one variable assignment
ERROR 2024-03-10 22:17:45,472 basehttp 12740 14508 "GET / HTTP/1.1" 500 188435
INFO 2024-03-10 22:17:47,959 views 12740 14508 Index page accessed
ERROR 2024-03-10 22:17:48,001 log 12740 14508 Internal Server Error: /
Traceback (most recent call last):
  File "D:\GeekBrains\1_28_Django\Homeworks\.venv\Lib\site-packages\django\core\handlers\exception.py", line 55, in inner
    response = get_response(request)
               ^^^^^^^^^^^^^^^^^^^^^
  File "D:\GeekBrains\1_28_Django\Homeworks\.venv\Lib\site-packages\django\core\handlers\base.py", line 197, in _get_response
    response = wrapped_callback(request, *callback_args, **callback_kwargs)
               ^^^^^^^^^^^^^^^^^^^^^^^^^^^^^^^^^^^^^^^^^^^^^^^^^^^^^^^^^^^^
  File "D:\GeekBrains\1_28_Django\Homeworks\HW_1\first_task_app\views.py", line 20, in index
    return render(request, 'first_task_app/index.html', context=data)
           ^^^^^^^^^^^^^^^^^^^^^^^^^^^^^^^^^^^^^^^^^^^^^^^^^^^^^^^^^^
  File "D:\GeekBrains\1_28_Django\Homeworks\.venv\Lib\site-packages\django\shortcuts.py", line 25, in render
    content = loader.render_to_string(template_name, context, request, using=using)
              ^^^^^^^^^^^^^^^^^^^^^^^^^^^^^^^^^^^^^^^^^^^^^^^^^^^^^^^^^^^^^^^^^^^^^
  File "D:\GeekBrains\1_28_Django\Homeworks\.venv\Lib\site-packages\django\template\loader.py", line 61, in render_to_string
    template = get_template(template_name, using=using)
               ^^^^^^^^^^^^^^^^^^^^^^^^^^^^^^^^^^^^^^^^
  File "D:\GeekBrains\1_28_Django\Homeworks\.venv\Lib\site-packages\django\template\loader.py", line 15, in get_template
    return engine.get_template(template_name)
           ^^^^^^^^^^^^^^^^^^^^^^^^^^^^^^^^^^
  File "D:\GeekBrains\1_28_Django\Homeworks\.venv\Lib\site-packages\django\template\backends\django.py", line 33, in get_template
    return Template(self.engine.get_template(template_name), self)
                    ^^^^^^^^^^^^^^^^^^^^^^^^^^^^^^^^^^^^^^^
  File "D:\GeekBrains\1_28_Django\Homeworks\.venv\Lib\site-packages\django\template\engine.py", line 177, in get_template
    template, origin = self.find_template(template_name)
                       ^^^^^^^^^^^^^^^^^^^^^^^^^^^^^^^^^
  File "D:\GeekBrains\1_28_Django\Homeworks\.venv\Lib\site-packages\django\template\engine.py", line 159, in find_template
    template = loader.get_template(name, skip=skip)
               ^^^^^^^^^^^^^^^^^^^^^^^^^^^^^^^^^^^^
  File "D:\GeekBrains\1_28_Django\Homeworks\.venv\Lib\site-packages\django\template\loaders\cached.py", line 57, in get_template
    template = super().get_template(template_name, skip)
               ^^^^^^^^^^^^^^^^^^^^^^^^^^^^^^^^^^^^^^^^^
  File "D:\GeekBrains\1_28_Django\Homeworks\.venv\Lib\site-packages\django\template\loaders\base.py", line 28, in get_template
    return Template(
           ^^^^^^^^^
  File "D:\GeekBrains\1_28_Django\Homeworks\.venv\Lib\site-packages\django\template\base.py", line 154, in __init__
    self.nodelist = self.compile_nodelist()
                    ^^^^^^^^^^^^^^^^^^^^^^^
  File "D:\GeekBrains\1_28_Django\Homeworks\.venv\Lib\site-packages\django\template\base.py", line 196, in compile_nodelist
    return parser.parse()
           ^^^^^^^^^^^^^^
  File "D:\GeekBrains\1_28_Django\Homeworks\.venv\Lib\site-packages\django\template\base.py", line 510, in parse
    raise self.error(token, e)
  File "D:\GeekBrains\1_28_Django\Homeworks\.venv\Lib\site-packages\django\template\base.py", line 508, in parse
    compiled_result = compile_func(self, token)
                      ^^^^^^^^^^^^^^^^^^^^^^^^^
  File "D:\GeekBrains\1_28_Django\Homeworks\.venv\Lib\site-packages\django\template\loader_tags.py", line 295, in do_extends
    nodelist = parser.parse()
               ^^^^^^^^^^^^^^
  File "D:\GeekBrains\1_28_Django\Homeworks\.venv\Lib\site-packages\django\template\base.py", line 510, in parse
    raise self.error(token, e)
  File "D:\GeekBrains\1_28_Django\Homeworks\.venv\Lib\site-packages\django\template\base.py", line 508, in parse
    compiled_result = compile_func(self, token)
                      ^^^^^^^^^^^^^^^^^^^^^^^^^
  File "D:\GeekBrains\1_28_Django\Homeworks\.venv\Lib\site-packages\django\template\loader_tags.py", line 234, in do_block
    nodelist = parser.parse(("endblock",))
               ^^^^^^^^^^^^^^^^^^^^^^^^^^^
  File "D:\GeekBrains\1_28_Django\Homeworks\.venv\Lib\site-packages\django\template\base.py", line 510, in parse
    raise self.error(token, e)
  File "D:\GeekBrains\1_28_Django\Homeworks\.venv\Lib\site-packages\django\template\base.py", line 508, in parse
    compiled_result = compile_func(self, token)
                      ^^^^^^^^^^^^^^^^^^^^^^^^^
  File "D:\GeekBrains\1_28_Django\Homeworks\.venv\Lib\site-packages\django\template\defaulttags.py", line 1492, in do_with
    raise TemplateSyntaxError(
django.template.exceptions.TemplateSyntaxError: 'with' expected at least one variable assignment
ERROR 2024-03-10 22:17:48,007 basehttp 12740 14508 "GET / HTTP/1.1" 500 188435
INFO 2024-03-10 22:18:56,577 views 12740 14508 Index page accessed
ERROR 2024-03-10 22:18:56,619 log 12740 14508 Internal Server Error: /
Traceback (most recent call last):
  File "D:\GeekBrains\1_28_Django\Homeworks\.venv\Lib\site-packages\django\template\base.py", line 502, in parse
    compile_func = self.tags[command]
                   ~~~~~~~~~^^^^^^^^^
KeyError: 'static'

During handling of the above exception, another exception occurred:

Traceback (most recent call last):
  File "D:\GeekBrains\1_28_Django\Homeworks\.venv\Lib\site-packages\django\core\handlers\exception.py", line 55, in inner
    response = get_response(request)
               ^^^^^^^^^^^^^^^^^^^^^
  File "D:\GeekBrains\1_28_Django\Homeworks\.venv\Lib\site-packages\django\core\handlers\base.py", line 197, in _get_response
    response = wrapped_callback(request, *callback_args, **callback_kwargs)
               ^^^^^^^^^^^^^^^^^^^^^^^^^^^^^^^^^^^^^^^^^^^^^^^^^^^^^^^^^^^^
  File "D:\GeekBrains\1_28_Django\Homeworks\HW_1\first_task_app\views.py", line 20, in index
    return render(request, 'first_task_app/index.html', context=data)
           ^^^^^^^^^^^^^^^^^^^^^^^^^^^^^^^^^^^^^^^^^^^^^^^^^^^^^^^^^^
  File "D:\GeekBrains\1_28_Django\Homeworks\.venv\Lib\site-packages\django\shortcuts.py", line 25, in render
    content = loader.render_to_string(template_name, context, request, using=using)
              ^^^^^^^^^^^^^^^^^^^^^^^^^^^^^^^^^^^^^^^^^^^^^^^^^^^^^^^^^^^^^^^^^^^^^
  File "D:\GeekBrains\1_28_Django\Homeworks\.venv\Lib\site-packages\django\template\loader.py", line 61, in render_to_string
    template = get_template(template_name, using=using)
               ^^^^^^^^^^^^^^^^^^^^^^^^^^^^^^^^^^^^^^^^
  File "D:\GeekBrains\1_28_Django\Homeworks\.venv\Lib\site-packages\django\template\loader.py", line 15, in get_template
    return engine.get_template(template_name)
           ^^^^^^^^^^^^^^^^^^^^^^^^^^^^^^^^^^
  File "D:\GeekBrains\1_28_Django\Homeworks\.venv\Lib\site-packages\django\template\backends\django.py", line 33, in get_template
    return Template(self.engine.get_template(template_name), self)
                    ^^^^^^^^^^^^^^^^^^^^^^^^^^^^^^^^^^^^^^^
  File "D:\GeekBrains\1_28_Django\Homeworks\.venv\Lib\site-packages\django\template\engine.py", line 177, in get_template
    template, origin = self.find_template(template_name)
                       ^^^^^^^^^^^^^^^^^^^^^^^^^^^^^^^^^
  File "D:\GeekBrains\1_28_Django\Homeworks\.venv\Lib\site-packages\django\template\engine.py", line 159, in find_template
    template = loader.get_template(name, skip=skip)
               ^^^^^^^^^^^^^^^^^^^^^^^^^^^^^^^^^^^^
  File "D:\GeekBrains\1_28_Django\Homeworks\.venv\Lib\site-packages\django\template\loaders\cached.py", line 57, in get_template
    template = super().get_template(template_name, skip)
               ^^^^^^^^^^^^^^^^^^^^^^^^^^^^^^^^^^^^^^^^^
  File "D:\GeekBrains\1_28_Django\Homeworks\.venv\Lib\site-packages\django\template\loaders\base.py", line 28, in get_template
    return Template(
           ^^^^^^^^^
  File "D:\GeekBrains\1_28_Django\Homeworks\.venv\Lib\site-packages\django\template\base.py", line 154, in __init__
    self.nodelist = self.compile_nodelist()
                    ^^^^^^^^^^^^^^^^^^^^^^^
  File "D:\GeekBrains\1_28_Django\Homeworks\.venv\Lib\site-packages\django\template\base.py", line 196, in compile_nodelist
    return parser.parse()
           ^^^^^^^^^^^^^^
  File "D:\GeekBrains\1_28_Django\Homeworks\.venv\Lib\site-packages\django\template\base.py", line 510, in parse
    raise self.error(token, e)
  File "D:\GeekBrains\1_28_Django\Homeworks\.venv\Lib\site-packages\django\template\base.py", line 508, in parse
    compiled_result = compile_func(self, token)
                      ^^^^^^^^^^^^^^^^^^^^^^^^^
  File "D:\GeekBrains\1_28_Django\Homeworks\.venv\Lib\site-packages\django\template\loader_tags.py", line 295, in do_extends
    nodelist = parser.parse()
               ^^^^^^^^^^^^^^
  File "D:\GeekBrains\1_28_Django\Homeworks\.venv\Lib\site-packages\django\template\base.py", line 510, in parse
    raise self.error(token, e)
  File "D:\GeekBrains\1_28_Django\Homeworks\.venv\Lib\site-packages\django\template\base.py", line 508, in parse
    compiled_result = compile_func(self, token)
                      ^^^^^^^^^^^^^^^^^^^^^^^^^
  File "D:\GeekBrains\1_28_Django\Homeworks\.venv\Lib\site-packages\django\template\loader_tags.py", line 234, in do_block
    nodelist = parser.parse(("endblock",))
               ^^^^^^^^^^^^^^^^^^^^^^^^^^^
  File "D:\GeekBrains\1_28_Django\Homeworks\.venv\Lib\site-packages\django\template\base.py", line 504, in parse
    self.invalid_block_tag(token, command, parse_until)
  File "D:\GeekBrains\1_28_Django\Homeworks\.venv\Lib\site-packages\django\template\base.py", line 555, in invalid_block_tag
    raise self.error(
django.template.exceptions.TemplateSyntaxError: Invalid block tag on line 15: 'static', expected 'endblock'. Did you forget to register or load this tag?
ERROR 2024-03-10 22:18:56,628 basehttp 12740 14508 "GET / HTTP/1.1" 500 165146
INFO 2024-03-10 22:18:58,146 views 12740 14508 Index page accessed
ERROR 2024-03-10 22:18:58,190 log 12740 14508 Internal Server Error: /
Traceback (most recent call last):
  File "D:\GeekBrains\1_28_Django\Homeworks\.venv\Lib\site-packages\django\template\base.py", line 502, in parse
    compile_func = self.tags[command]
                   ~~~~~~~~~^^^^^^^^^
KeyError: 'static'

During handling of the above exception, another exception occurred:

Traceback (most recent call last):
  File "D:\GeekBrains\1_28_Django\Homeworks\.venv\Lib\site-packages\django\core\handlers\exception.py", line 55, in inner
    response = get_response(request)
               ^^^^^^^^^^^^^^^^^^^^^
  File "D:\GeekBrains\1_28_Django\Homeworks\.venv\Lib\site-packages\django\core\handlers\base.py", line 197, in _get_response
    response = wrapped_callback(request, *callback_args, **callback_kwargs)
               ^^^^^^^^^^^^^^^^^^^^^^^^^^^^^^^^^^^^^^^^^^^^^^^^^^^^^^^^^^^^
  File "D:\GeekBrains\1_28_Django\Homeworks\HW_1\first_task_app\views.py", line 20, in index
    return render(request, 'first_task_app/index.html', context=data)
           ^^^^^^^^^^^^^^^^^^^^^^^^^^^^^^^^^^^^^^^^^^^^^^^^^^^^^^^^^^
  File "D:\GeekBrains\1_28_Django\Homeworks\.venv\Lib\site-packages\django\shortcuts.py", line 25, in render
    content = loader.render_to_string(template_name, context, request, using=using)
              ^^^^^^^^^^^^^^^^^^^^^^^^^^^^^^^^^^^^^^^^^^^^^^^^^^^^^^^^^^^^^^^^^^^^^
  File "D:\GeekBrains\1_28_Django\Homeworks\.venv\Lib\site-packages\django\template\loader.py", line 61, in render_to_string
    template = get_template(template_name, using=using)
               ^^^^^^^^^^^^^^^^^^^^^^^^^^^^^^^^^^^^^^^^
  File "D:\GeekBrains\1_28_Django\Homeworks\.venv\Lib\site-packages\django\template\loader.py", line 15, in get_template
    return engine.get_template(template_name)
           ^^^^^^^^^^^^^^^^^^^^^^^^^^^^^^^^^^
  File "D:\GeekBrains\1_28_Django\Homeworks\.venv\Lib\site-packages\django\template\backends\django.py", line 33, in get_template
    return Template(self.engine.get_template(template_name), self)
                    ^^^^^^^^^^^^^^^^^^^^^^^^^^^^^^^^^^^^^^^
  File "D:\GeekBrains\1_28_Django\Homeworks\.venv\Lib\site-packages\django\template\engine.py", line 177, in get_template
    template, origin = self.find_template(template_name)
                       ^^^^^^^^^^^^^^^^^^^^^^^^^^^^^^^^^
  File "D:\GeekBrains\1_28_Django\Homeworks\.venv\Lib\site-packages\django\template\engine.py", line 159, in find_template
    template = loader.get_template(name, skip=skip)
               ^^^^^^^^^^^^^^^^^^^^^^^^^^^^^^^^^^^^
  File "D:\GeekBrains\1_28_Django\Homeworks\.venv\Lib\site-packages\django\template\loaders\cached.py", line 57, in get_template
    template = super().get_template(template_name, skip)
               ^^^^^^^^^^^^^^^^^^^^^^^^^^^^^^^^^^^^^^^^^
  File "D:\GeekBrains\1_28_Django\Homeworks\.venv\Lib\site-packages\django\template\loaders\base.py", line 28, in get_template
    return Template(
           ^^^^^^^^^
  File "D:\GeekBrains\1_28_Django\Homeworks\.venv\Lib\site-packages\django\template\base.py", line 154, in __init__
    self.nodelist = self.compile_nodelist()
                    ^^^^^^^^^^^^^^^^^^^^^^^
  File "D:\GeekBrains\1_28_Django\Homeworks\.venv\Lib\site-packages\django\template\base.py", line 196, in compile_nodelist
    return parser.parse()
           ^^^^^^^^^^^^^^
  File "D:\GeekBrains\1_28_Django\Homeworks\.venv\Lib\site-packages\django\template\base.py", line 510, in parse
    raise self.error(token, e)
  File "D:\GeekBrains\1_28_Django\Homeworks\.venv\Lib\site-packages\django\template\base.py", line 508, in parse
    compiled_result = compile_func(self, token)
                      ^^^^^^^^^^^^^^^^^^^^^^^^^
  File "D:\GeekBrains\1_28_Django\Homeworks\.venv\Lib\site-packages\django\template\loader_tags.py", line 295, in do_extends
    nodelist = parser.parse()
               ^^^^^^^^^^^^^^
  File "D:\GeekBrains\1_28_Django\Homeworks\.venv\Lib\site-packages\django\template\base.py", line 510, in parse
    raise self.error(token, e)
  File "D:\GeekBrains\1_28_Django\Homeworks\.venv\Lib\site-packages\django\template\base.py", line 508, in parse
    compiled_result = compile_func(self, token)
                      ^^^^^^^^^^^^^^^^^^^^^^^^^
  File "D:\GeekBrains\1_28_Django\Homeworks\.venv\Lib\site-packages\django\template\loader_tags.py", line 234, in do_block
    nodelist = parser.parse(("endblock",))
               ^^^^^^^^^^^^^^^^^^^^^^^^^^^
  File "D:\GeekBrains\1_28_Django\Homeworks\.venv\Lib\site-packages\django\template\base.py", line 504, in parse
    self.invalid_block_tag(token, command, parse_until)
  File "D:\GeekBrains\1_28_Django\Homeworks\.venv\Lib\site-packages\django\template\base.py", line 555, in invalid_block_tag
    raise self.error(
django.template.exceptions.TemplateSyntaxError: Invalid block tag on line 15: 'static', expected 'endblock'. Did you forget to register or load this tag?
ERROR 2024-03-10 22:18:58,197 basehttp 12740 14508 "GET / HTTP/1.1" 500 165146
INFO 2024-03-10 22:20:12,547 autoreload 9640 12476 Watching for file changes with StatReloader
INFO 2024-03-10 22:20:14,458 views 12740 14508 Index page accessed
ERROR 2024-03-10 22:20:14,511 log 12740 14508 Internal Server Error: /
Traceback (most recent call last):
  File "D:\GeekBrains\1_28_Django\Homeworks\.venv\Lib\site-packages\django\template\base.py", line 502, in parse
    compile_func = self.tags[command]
                   ~~~~~~~~~^^^^^^^^^
KeyError: 'static'

During handling of the above exception, another exception occurred:

Traceback (most recent call last):
  File "D:\GeekBrains\1_28_Django\Homeworks\.venv\Lib\site-packages\django\core\handlers\exception.py", line 55, in inner
    response = get_response(request)
               ^^^^^^^^^^^^^^^^^^^^^
  File "D:\GeekBrains\1_28_Django\Homeworks\.venv\Lib\site-packages\django\core\handlers\base.py", line 197, in _get_response
    response = wrapped_callback(request, *callback_args, **callback_kwargs)
               ^^^^^^^^^^^^^^^^^^^^^^^^^^^^^^^^^^^^^^^^^^^^^^^^^^^^^^^^^^^^
  File "D:\GeekBrains\1_28_Django\Homeworks\HW_1\first_task_app\views.py", line 20, in index
    return render(request, 'first_task_app/index.html', context=data)
           ^^^^^^^^^^^^^^^^^^^^^^^^^^^^^^^^^^^^^^^^^^^^^^^^^^^^^^^^^^
  File "D:\GeekBrains\1_28_Django\Homeworks\.venv\Lib\site-packages\django\shortcuts.py", line 25, in render
    content = loader.render_to_string(template_name, context, request, using=using)
              ^^^^^^^^^^^^^^^^^^^^^^^^^^^^^^^^^^^^^^^^^^^^^^^^^^^^^^^^^^^^^^^^^^^^^
  File "D:\GeekBrains\1_28_Django\Homeworks\.venv\Lib\site-packages\django\template\loader.py", line 61, in render_to_string
    template = get_template(template_name, using=using)
               ^^^^^^^^^^^^^^^^^^^^^^^^^^^^^^^^^^^^^^^^
  File "D:\GeekBrains\1_28_Django\Homeworks\.venv\Lib\site-packages\django\template\loader.py", line 15, in get_template
    return engine.get_template(template_name)
           ^^^^^^^^^^^^^^^^^^^^^^^^^^^^^^^^^^
  File "D:\GeekBrains\1_28_Django\Homeworks\.venv\Lib\site-packages\django\template\backends\django.py", line 33, in get_template
    return Template(self.engine.get_template(template_name), self)
                    ^^^^^^^^^^^^^^^^^^^^^^^^^^^^^^^^^^^^^^^
  File "D:\GeekBrains\1_28_Django\Homeworks\.venv\Lib\site-packages\django\template\engine.py", line 177, in get_template
    template, origin = self.find_template(template_name)
                       ^^^^^^^^^^^^^^^^^^^^^^^^^^^^^^^^^
  File "D:\GeekBrains\1_28_Django\Homeworks\.venv\Lib\site-packages\django\template\engine.py", line 159, in find_template
    template = loader.get_template(name, skip=skip)
               ^^^^^^^^^^^^^^^^^^^^^^^^^^^^^^^^^^^^
  File "D:\GeekBrains\1_28_Django\Homeworks\.venv\Lib\site-packages\django\template\loaders\cached.py", line 57, in get_template
    template = super().get_template(template_name, skip)
               ^^^^^^^^^^^^^^^^^^^^^^^^^^^^^^^^^^^^^^^^^
  File "D:\GeekBrains\1_28_Django\Homeworks\.venv\Lib\site-packages\django\template\loaders\base.py", line 28, in get_template
    return Template(
           ^^^^^^^^^
  File "D:\GeekBrains\1_28_Django\Homeworks\.venv\Lib\site-packages\django\template\base.py", line 154, in __init__
    self.nodelist = self.compile_nodelist()
                    ^^^^^^^^^^^^^^^^^^^^^^^
  File "D:\GeekBrains\1_28_Django\Homeworks\.venv\Lib\site-packages\django\template\base.py", line 196, in compile_nodelist
    return parser.parse()
           ^^^^^^^^^^^^^^
  File "D:\GeekBrains\1_28_Django\Homeworks\.venv\Lib\site-packages\django\template\base.py", line 510, in parse
    raise self.error(token, e)
  File "D:\GeekBrains\1_28_Django\Homeworks\.venv\Lib\site-packages\django\template\base.py", line 508, in parse
    compiled_result = compile_func(self, token)
                      ^^^^^^^^^^^^^^^^^^^^^^^^^
  File "D:\GeekBrains\1_28_Django\Homeworks\.venv\Lib\site-packages\django\template\loader_tags.py", line 295, in do_extends
    nodelist = parser.parse()
               ^^^^^^^^^^^^^^
  File "D:\GeekBrains\1_28_Django\Homeworks\.venv\Lib\site-packages\django\template\base.py", line 510, in parse
    raise self.error(token, e)
  File "D:\GeekBrains\1_28_Django\Homeworks\.venv\Lib\site-packages\django\template\base.py", line 508, in parse
    compiled_result = compile_func(self, token)
                      ^^^^^^^^^^^^^^^^^^^^^^^^^
  File "D:\GeekBrains\1_28_Django\Homeworks\.venv\Lib\site-packages\django\template\loader_tags.py", line 234, in do_block
    nodelist = parser.parse(("endblock",))
               ^^^^^^^^^^^^^^^^^^^^^^^^^^^
  File "D:\GeekBrains\1_28_Django\Homeworks\.venv\Lib\site-packages\django\template\base.py", line 504, in parse
    self.invalid_block_tag(token, command, parse_until)
  File "D:\GeekBrains\1_28_Django\Homeworks\.venv\Lib\site-packages\django\template\base.py", line 555, in invalid_block_tag
    raise self.error(
django.template.exceptions.TemplateSyntaxError: Invalid block tag on line 15: 'static', expected 'endblock'. Did you forget to register or load this tag?
ERROR 2024-03-10 22:20:14,521 basehttp 12740 14508 "GET / HTTP/1.1" 500 165132
INFO 2024-03-10 22:22:10,477 views 12740 14508 Index page accessed
ERROR 2024-03-10 22:22:10,514 log 12740 14508 Internal Server Error: /
Traceback (most recent call last):
  File "D:\GeekBrains\1_28_Django\Homeworks\.venv\Lib\site-packages\django\core\handlers\exception.py", line 55, in inner
    response = get_response(request)
               ^^^^^^^^^^^^^^^^^^^^^
  File "D:\GeekBrains\1_28_Django\Homeworks\.venv\Lib\site-packages\django\core\handlers\base.py", line 197, in _get_response
    response = wrapped_callback(request, *callback_args, **callback_kwargs)
               ^^^^^^^^^^^^^^^^^^^^^^^^^^^^^^^^^^^^^^^^^^^^^^^^^^^^^^^^^^^^
  File "D:\GeekBrains\1_28_Django\Homeworks\HW_1\first_task_app\views.py", line 20, in index
    return render(request, 'first_task_app/index.html', context=data)
           ^^^^^^^^^^^^^^^^^^^^^^^^^^^^^^^^^^^^^^^^^^^^^^^^^^^^^^^^^^
  File "D:\GeekBrains\1_28_Django\Homeworks\.venv\Lib\site-packages\django\shortcuts.py", line 25, in render
    content = loader.render_to_string(template_name, context, request, using=using)
              ^^^^^^^^^^^^^^^^^^^^^^^^^^^^^^^^^^^^^^^^^^^^^^^^^^^^^^^^^^^^^^^^^^^^^
  File "D:\GeekBrains\1_28_Django\Homeworks\.venv\Lib\site-packages\django\template\loader.py", line 61, in render_to_string
    template = get_template(template_name, using=using)
               ^^^^^^^^^^^^^^^^^^^^^^^^^^^^^^^^^^^^^^^^
  File "D:\GeekBrains\1_28_Django\Homeworks\.venv\Lib\site-packages\django\template\loader.py", line 15, in get_template
    return engine.get_template(template_name)
           ^^^^^^^^^^^^^^^^^^^^^^^^^^^^^^^^^^
  File "D:\GeekBrains\1_28_Django\Homeworks\.venv\Lib\site-packages\django\template\backends\django.py", line 33, in get_template
    return Template(self.engine.get_template(template_name), self)
                    ^^^^^^^^^^^^^^^^^^^^^^^^^^^^^^^^^^^^^^^
  File "D:\GeekBrains\1_28_Django\Homeworks\.venv\Lib\site-packages\django\template\engine.py", line 177, in get_template
    template, origin = self.find_template(template_name)
                       ^^^^^^^^^^^^^^^^^^^^^^^^^^^^^^^^^
  File "D:\GeekBrains\1_28_Django\Homeworks\.venv\Lib\site-packages\django\template\engine.py", line 159, in find_template
    template = loader.get_template(name, skip=skip)
               ^^^^^^^^^^^^^^^^^^^^^^^^^^^^^^^^^^^^
  File "D:\GeekBrains\1_28_Django\Homeworks\.venv\Lib\site-packages\django\template\loaders\cached.py", line 57, in get_template
    template = super().get_template(template_name, skip)
               ^^^^^^^^^^^^^^^^^^^^^^^^^^^^^^^^^^^^^^^^^
  File "D:\GeekBrains\1_28_Django\Homeworks\.venv\Lib\site-packages\django\template\loaders\base.py", line 28, in get_template
    return Template(
           ^^^^^^^^^
  File "D:\GeekBrains\1_28_Django\Homeworks\.venv\Lib\site-packages\django\template\base.py", line 154, in __init__
    self.nodelist = self.compile_nodelist()
                    ^^^^^^^^^^^^^^^^^^^^^^^
  File "D:\GeekBrains\1_28_Django\Homeworks\.venv\Lib\site-packages\django\template\base.py", line 196, in compile_nodelist
    return parser.parse()
           ^^^^^^^^^^^^^^
  File "D:\GeekBrains\1_28_Django\Homeworks\.venv\Lib\site-packages\django\template\base.py", line 511, in parse
    self.extend_nodelist(nodelist, compiled_result, token)
  File "D:\GeekBrains\1_28_Django\Homeworks\.venv\Lib\site-packages\django\template\base.py", line 528, in extend_nodelist
    raise self.error(
django.template.exceptions.TemplateSyntaxError: <ExtendsNode: extends 'base.html'> must be the first tag in the template.
ERROR 2024-03-10 22:22:10,519 basehttp 12740 14508 "GET / HTTP/1.1" 500 130020
INFO 2024-03-10 22:22:10,708 views 12740 14508 Index page accessed
ERROR 2024-03-10 22:22:10,759 log 12740 14508 Internal Server Error: /
Traceback (most recent call last):
  File "D:\GeekBrains\1_28_Django\Homeworks\.venv\Lib\site-packages\django\core\handlers\exception.py", line 55, in inner
    response = get_response(request)
               ^^^^^^^^^^^^^^^^^^^^^
  File "D:\GeekBrains\1_28_Django\Homeworks\.venv\Lib\site-packages\django\core\handlers\base.py", line 197, in _get_response
    response = wrapped_callback(request, *callback_args, **callback_kwargs)
               ^^^^^^^^^^^^^^^^^^^^^^^^^^^^^^^^^^^^^^^^^^^^^^^^^^^^^^^^^^^^
  File "D:\GeekBrains\1_28_Django\Homeworks\HW_1\first_task_app\views.py", line 20, in index
    return render(request, 'first_task_app/index.html', context=data)
           ^^^^^^^^^^^^^^^^^^^^^^^^^^^^^^^^^^^^^^^^^^^^^^^^^^^^^^^^^^
  File "D:\GeekBrains\1_28_Django\Homeworks\.venv\Lib\site-packages\django\shortcuts.py", line 25, in render
    content = loader.render_to_string(template_name, context, request, using=using)
              ^^^^^^^^^^^^^^^^^^^^^^^^^^^^^^^^^^^^^^^^^^^^^^^^^^^^^^^^^^^^^^^^^^^^^
  File "D:\GeekBrains\1_28_Django\Homeworks\.venv\Lib\site-packages\django\template\loader.py", line 61, in render_to_string
    template = get_template(template_name, using=using)
               ^^^^^^^^^^^^^^^^^^^^^^^^^^^^^^^^^^^^^^^^
  File "D:\GeekBrains\1_28_Django\Homeworks\.venv\Lib\site-packages\django\template\loader.py", line 15, in get_template
    return engine.get_template(template_name)
           ^^^^^^^^^^^^^^^^^^^^^^^^^^^^^^^^^^
  File "D:\GeekBrains\1_28_Django\Homeworks\.venv\Lib\site-packages\django\template\backends\django.py", line 33, in get_template
    return Template(self.engine.get_template(template_name), self)
                    ^^^^^^^^^^^^^^^^^^^^^^^^^^^^^^^^^^^^^^^
  File "D:\GeekBrains\1_28_Django\Homeworks\.venv\Lib\site-packages\django\template\engine.py", line 177, in get_template
    template, origin = self.find_template(template_name)
                       ^^^^^^^^^^^^^^^^^^^^^^^^^^^^^^^^^
  File "D:\GeekBrains\1_28_Django\Homeworks\.venv\Lib\site-packages\django\template\engine.py", line 159, in find_template
    template = loader.get_template(name, skip=skip)
               ^^^^^^^^^^^^^^^^^^^^^^^^^^^^^^^^^^^^
  File "D:\GeekBrains\1_28_Django\Homeworks\.venv\Lib\site-packages\django\template\loaders\cached.py", line 57, in get_template
    template = super().get_template(template_name, skip)
               ^^^^^^^^^^^^^^^^^^^^^^^^^^^^^^^^^^^^^^^^^
  File "D:\GeekBrains\1_28_Django\Homeworks\.venv\Lib\site-packages\django\template\loaders\base.py", line 28, in get_template
    return Template(
           ^^^^^^^^^
  File "D:\GeekBrains\1_28_Django\Homeworks\.venv\Lib\site-packages\django\template\base.py", line 154, in __init__
    self.nodelist = self.compile_nodelist()
                    ^^^^^^^^^^^^^^^^^^^^^^^
  File "D:\GeekBrains\1_28_Django\Homeworks\.venv\Lib\site-packages\django\template\base.py", line 196, in compile_nodelist
    return parser.parse()
           ^^^^^^^^^^^^^^
  File "D:\GeekBrains\1_28_Django\Homeworks\.venv\Lib\site-packages\django\template\base.py", line 511, in parse
    self.extend_nodelist(nodelist, compiled_result, token)
  File "D:\GeekBrains\1_28_Django\Homeworks\.venv\Lib\site-packages\django\template\base.py", line 528, in extend_nodelist
    raise self.error(
django.template.exceptions.TemplateSyntaxError: <ExtendsNode: extends 'base.html'> must be the first tag in the template.
ERROR 2024-03-10 22:22:10,766 basehttp 12740 14508 "GET / HTTP/1.1" 500 130020
INFO 2024-03-10 22:22:53,479 autoreload 5628 360 Watching for file changes with StatReloader
INFO 2024-03-10 22:22:55,116 views 5628 17176 Index page accessed
INFO 2024-03-10 22:22:55,133 basehttp 5628 17176 "GET / HTTP/1.1" 200 2079
INFO 2024-03-10 22:22:55,438 basehttp 5628 17176 "GET /static/first_task_app/img/img_2.jpg HTTP/1.1" 200 32052
INFO 2024-03-10 22:23:02,123 views 5628 17176 Index page accessed
INFO 2024-03-10 22:23:02,125 basehttp 5628 17176 "GET / HTTP/1.1" 200 2079
DEBUG 2024-03-10 22:23:03,300 views 5628 17176 About page accessed
INFO 2024-03-10 22:23:03,302 basehttp 5628 17176 "GET /about/ HTTP/1.1" 200 6442
INFO 2024-03-10 22:23:04,526 views 5628 17176 Index page accessed
INFO 2024-03-10 22:23:04,528 basehttp 5628 17176 "GET / HTTP/1.1" 200 2079
INFO 2024-03-10 22:24:05,202 views 5628 17176 Index page accessed
INFO 2024-03-10 22:24:05,210 basehttp 5628 17176 "GET / HTTP/1.1" 200 8642
INFO 2024-03-10 22:26:13,092 views 5628 17176 Index page accessed
INFO 2024-03-10 22:26:13,101 basehttp 5628 17176 "GET / HTTP/1.1" 200 4580
INFO 2024-03-10 22:26:13,207 basehttp 5628 17176 "GET /static/first_task_app/img/img_1.jpg HTTP/1.1" 200 55681
DEBUG 2024-03-10 22:26:17,854 views 5628 17176 About page accessed
INFO 2024-03-10 22:26:17,862 basehttp 5628 17176 "GET /about/ HTTP/1.1" 200 4577
INFO 2024-03-10 22:26:25,954 views 5628 17176 Index page accessed
INFO 2024-03-10 22:26:25,956 basehttp 5628 17176 "GET / HTTP/1.1" 200 4580
DEBUG 2024-03-10 22:26:29,792 views 5628 17176 About page accessed
INFO 2024-03-10 22:26:29,794 basehttp 5628 17176 "GET /about/ HTTP/1.1" 200 4577
INFO 2024-03-10 22:26:34,884 views 5628 17176 Index page accessed
INFO 2024-03-10 22:26:34,886 basehttp 5628 17176 "GET / HTTP/1.1" 200 4580
DEBUG 2024-03-10 22:26:37,153 views 5628 17176 About page accessed
INFO 2024-03-10 22:26:37,154 basehttp 5628 17176 "GET /about/ HTTP/1.1" 200 4577
INFO 2024-03-10 22:26:45,144 views 5628 17176 Index page accessed
INFO 2024-03-10 22:26:45,146 basehttp 5628 17176 "GET / HTTP/1.1" 200 4580
DEBUG 2024-03-10 22:26:47,799 views 5628 17176 About page accessed
INFO 2024-03-10 22:26:47,801 basehttp 5628 17176 "GET /about/ HTTP/1.1" 200 4577
DEBUG 2024-03-10 22:26:59,316 views 5628 17176 About page accessed
INFO 2024-03-10 22:26:59,318 basehttp 5628 17176 "GET /about/ HTTP/1.1" 200 4577
INFO 2024-03-10 22:27:01,875 views 5628 17176 Index page accessed
INFO 2024-03-10 22:27:01,877 basehttp 5628 17176 "GET / HTTP/1.1" 200 4580
INFO 2024-03-10 22:28:00,239 views 5628 17176 Index page accessed
INFO 2024-03-10 22:28:00,241 basehttp 5628 17176 "GET / HTTP/1.1" 200 4580
INFO 2024-03-10 22:28:01,524 views 5628 17176 Index page accessed
INFO 2024-03-10 22:28:01,526 basehttp 5628 17176 "GET / HTTP/1.1" 200 4580
DEBUG 2024-03-10 22:28:02,769 views 5628 17176 About page accessed
INFO 2024-03-10 22:28:02,780 basehttp 5628 17176 "GET /about/ HTTP/1.1" 200 4546
INFO 2024-03-10 22:28:51,512 autoreload 5628 360 D:\GeekBrains\1_28_Django\Homeworks\HW_1\first_task_app\views.py changed, reloading.
INFO 2024-03-10 22:28:52,125 autoreload 7560 2248 Watching for file changes with StatReloader
DEBUG 2024-03-10 22:28:52,776 views 7560 2280 About page accessed
INFO 2024-03-10 22:28:52,784 basehttp 7560 2280 "GET /about/ HTTP/1.1" 200 4546
DEBUG 2024-03-10 22:28:54,067 views 7560 2280 About page accessed
INFO 2024-03-10 22:28:54,069 basehttp 7560 2280 "GET /about/ HTTP/1.1" 200 4546
DEBUG 2024-03-10 22:29:12,452 views 7560 2280 About page accessed
INFO 2024-03-10 22:29:12,462 basehttp 7560 2280 "GET /about/ HTTP/1.1" 200 4557
DEBUG 2024-03-10 22:29:59,029 views 7560 2280 About page accessed
INFO 2024-03-10 22:29:59,038 basehttp 7560 2280 "GET /about/ HTTP/1.1" 200 4557
INFO 2024-03-10 22:32:45,306 views 7560 2280 Index page accessed
INFO 2024-03-10 22:32:45,314 basehttp 7560 2280 "GET / HTTP/1.1" 200 4563
DEBUG 2024-03-10 22:32:48,447 views 7560 2280 About page accessed
INFO 2024-03-10 22:32:48,455 basehttp 7560 2280 "GET /about/ HTTP/1.1" 200 6836
DEBUG 2024-03-10 22:33:25,204 views 7560 2280 About page accessed
INFO 2024-03-10 22:33:25,214 basehttp 7560 2280 "GET /about/ HTTP/1.1" 200 3373
INFO 2024-03-10 22:33:31,461 views 7560 2280 Index page accessed
INFO 2024-03-10 22:33:31,465 basehttp 7560 2280 "GET / HTTP/1.1" 200 4563
DEBUG 2024-03-10 22:33:36,014 views 7560 2280 About page accessed
INFO 2024-03-10 22:33:36,015 basehttp 7560 2280 "GET /about/ HTTP/1.1" 200 3373
INFO 2024-03-10 22:33:37,771 views 7560 2280 Index page accessed
INFO 2024-03-10 22:33:37,773 basehttp 7560 2280 "GET / HTTP/1.1" 200 4563
DEBUG 2024-03-10 22:33:45,916 views 7560 2280 About page accessed
INFO 2024-03-10 22:33:45,920 basehttp 7560 2280 "GET /about/ HTTP/1.1" 200 3373
DEBUG 2024-03-10 22:34:45,773 views 7560 2280 About page accessed
INFO 2024-03-10 22:34:45,786 basehttp 7560 2280 "GET /about/ HTTP/1.1" 200 3373
INFO 2024-03-10 22:34:47,591 views 7560 2280 Index page accessed
INFO 2024-03-10 22:34:47,593 basehttp 7560 2280 "GET / HTTP/1.1" 200 4563
DEBUG 2024-03-10 22:34:50,375 views 7560 2280 About page accessed
INFO 2024-03-10 22:34:50,377 basehttp 7560 2280 "GET /about/ HTTP/1.1" 200 3373
INFO 2024-03-10 22:34:51,312 views 7560 2280 Index page accessed
INFO 2024-03-10 22:34:51,315 basehttp 7560 2280 "GET / HTTP/1.1" 200 4563
INFO 2024-03-10 22:34:52,353 views 7560 2280 Index page accessed
INFO 2024-03-10 22:34:52,354 basehttp 7560 2280 "GET / HTTP/1.1" 200 4563
DEBUG 2024-03-10 22:34:53,209 views 7560 2280 About page accessed
INFO 2024-03-10 22:34:53,210 basehttp 7560 2280 "GET /about/ HTTP/1.1" 200 3373
INFO 2024-03-10 22:34:53,891 views 7560 2280 Index page accessed
INFO 2024-03-10 22:34:53,892 basehttp 7560 2280 "GET / HTTP/1.1" 200 4563
